<?xml version="1.0" encoding="UTF-8"?>
<!-- Generated by org.testng.reporters.JUnitXMLReporter -->
<testsuite hostname="MSTSYS0194" ignored="0" name="Test" tests="2" failures="1" timestamp="21 Nov 2018 10:33:52 GMT" time="0.179" errors="0">
  <testcase name="@BeforeMethod browseropen" time="0.094" classname="com.automationtraining.browserfactory.Browserfactory">
    <failure type="java.lang.IllegalStateException" message="The path to the driver executable must be set by the webdriver.chrome.driver system property; for more information, see https://github.com/SeleniumHQ/selenium/wiki/ChromeDriver. The latest version can be downloaded from http://chromedriver.storage.googleapis.com/index.html">
      <![CDATA[java.lang.IllegalStateException: The path to the driver executable must be set by the webdriver.chrome.driver system property; for more information, see https://github.com/SeleniumHQ/selenium/wiki/ChromeDriver. The latest version can be downloaded from http://chromedriver.storage.googleapis.com/index.html
at com.google.common.base.Preconditions.checkState(Preconditions.java:847)
at org.openqa.selenium.remote.service.DriverService.findExecutable(DriverService.java:125)
at org.openqa.selenium.chrome.ChromeDriverService.access$000(ChromeDriverService.java:35)
at org.openqa.selenium.chrome.ChromeDriverService$Builder.findDefaultExecutable(ChromeDriverService.java:156)
at org.openqa.selenium.remote.service.DriverService$Builder.build(DriverService.java:346)
at org.openqa.selenium.chrome.ChromeDriverService.createDefaultService(ChromeDriverService.java:91)
at org.openqa.selenium.chrome.ChromeDriver.<init>(ChromeDriver.java:123)
at com.automationtraining.browserfactory.Browserfactory.browseropen(Browserfactory.java:16)
... Removed 28 stack frames]]>
    </failure>
  </testcase> <!-- @BeforeMethod browseropen -->
  <testcase name="@AfterMethod browserclose" time="0.0" classname="com.automationtraining.browserfactory.Browserfactory">
    <skipped/>
  </testcase> <!-- @AfterMethod browserclose -->
  <testcase name="log" time="0.0" classname="com.automationtraining.form.Form">
    <failure type="org.testng.TestNGException" message="
Cannot inject @Test annotated Method [log] with [interface org.openqa.selenium.WebDriver].
For more information on native dependency injection please refer to http://testng.org/doc/documentation-main.html#native-dependency-injection">
      <![CDATA[org.testng.TestNGException: 
Cannot inject @Test annotated Method [log] with [interface org.openqa.selenium.WebDriver].
For more information on native dependency injection please refer to http://testng.org/doc/documentation-main.html#native-dependency-injection
... Removed 24 stack frames]]>
    </failure>
  </testcase> <!-- log -->
  <testcase name="leadcreate" time="0.0" classname="com.automationtraining.pageobject.Pageobject">
    <skipped/>
  </testcase> <!-- leadcreate -->
</testsuite> <!-- Test -->
